<?xml version="1.0" encoding="UTF-8"?>
<robot generator="Robot 5.0.1 (Python 3.9.5 on win32)" generated="20220726 11:23:37.393" rpa="false" schemaversion="3">
<suite id="s1" name="ERM track time" source="F:\Python\test_cases\ERM_track_time.robot">
<test id="s1-t1" name="Track Time" line="14">
<kw name="Open Browser and Maximize" library="resources">
<arg>${URL}</arg>
<arg>${Browser}</arg>
<kw name="Open Browser" library="SeleniumLibrary">
<arg>${UserURL}</arg>
<arg>${BrowserName}</arg>
<doc>Opens a new browser instance to the optional ``url``.</doc>
<msg timestamp="20220726 11:23:37.619" level="INFO">Opening browser 'Chrome' to base url 'https://erm.aristeksystems.com/my/page'.</msg>
<status status="PASS" starttime="20220726 11:23:37.619" endtime="20220726 11:23:39.710"/>
</kw>
<kw name="Maximize Browser Window" library="SeleniumLibrary">
<doc>Maximizes current browser window.</doc>
<status status="PASS" starttime="20220726 11:23:39.710" endtime="20220726 11:23:39.838"/>
</kw>
<kw name="Log" library="BuiltIn">
<arg>Starting test with ${BrowserName}</arg>
<doc>Logs the given message with the given level.</doc>
<msg timestamp="20220726 11:23:39.838" level="INFO">Starting test with Chrome</msg>
<status status="PASS" starttime="20220726 11:23:39.838" endtime="20220726 11:23:39.838"/>
</kw>
<kw name="Log" library="BuiltIn">
<arg>Test URL: ${UserURL}</arg>
<doc>Logs the given message with the given level.</doc>
<msg timestamp="20220726 11:23:39.839" level="INFO">Test URL: https://erm.aristeksystems.com/my/page</msg>
<status status="PASS" starttime="20220726 11:23:39.838" endtime="20220726 11:23:39.839"/>
</kw>
<status status="PASS" starttime="20220726 11:23:37.619" endtime="20220726 11:23:39.839"/>
</kw>
<kw name="Input Text" library="SeleniumLibrary">
<arg>id:username</arg>
<arg>pkazakevich</arg>
<doc>Types the given ``text`` into the text field identified by ``locator``.</doc>
<msg timestamp="20220726 11:23:39.839" level="INFO">Typing text 'pkazakevich' into text field 'id:username'.</msg>
<status status="PASS" starttime="20220726 11:23:39.839" endtime="20220726 11:23:39.907"/>
</kw>
<kw name="Input Text" library="SeleniumLibrary">
<arg>id:password</arg>
<arg>8EdByGaTM4</arg>
<doc>Types the given ``text`` into the text field identified by ``locator``.</doc>
<msg timestamp="20220726 11:23:39.908" level="INFO">Typing text '8EdByGaTM4' into text field 'id:password'.</msg>
<status status="PASS" starttime="20220726 11:23:39.907" endtime="20220726 11:23:39.982"/>
</kw>
<kw name="Click Button" library="SeleniumLibrary">
<arg>xpath://*[@id="login_submit_field"]/td/button</arg>
<doc>Clicks the button identified by ``locator``.</doc>
<msg timestamp="20220726 11:23:39.984" level="INFO">Clicking button 'xpath://*[@id="login_submit_field"]/td/button'.</msg>
<status status="PASS" starttime="20220726 11:23:39.983" endtime="20220726 11:23:40.720"/>
</kw>
<status status="PASS" starttime="20220726 11:23:37.618" endtime="20220726 11:23:40.721"/>
</test>
<status status="PASS" starttime="20220726 11:23:37.395" endtime="20220726 11:23:40.722"/>
</suite>
<statistics>
<total>
<stat pass="1" fail="0" skip="0">All Tests</stat>
</total>
<tag>
</tag>
<suite>
<stat pass="1" fail="0" skip="0" id="s1" name="ERM track time">ERM track time</stat>
</suite>
</statistics>
<errors>
</errors>
</robot>
