<?xml version="1.0" encoding="UTF-8"?>
<robot generator="Robot 5.0.1 (Python 3.9.5 on win32)" generated="20220801 22:27:21.393" rpa="false" schemaversion="3">
<suite id="s1" name="Global login" source="F:\Python\test_cases\Global_login.robot">
<test id="s1-t1" name="General Check Global Login links" line="13">
<kw name="Open Browser and Maximize" library="resources">
<arg>${URL}</arg>
<arg>${Browser}</arg>
<kw name="Open Browser" library="SeleniumLibrary">
<arg>${UserURL}</arg>
<arg>${BrowserName}</arg>
<doc>Opens a new browser instance to the optional ``url``.</doc>
<msg timestamp="20220801 22:27:21.592" level="INFO">Opening browser 'Chrome' to base url 'https://login-dev.acceleratelearning.com/?to=n115d1013883'.</msg>
<status status="PASS" starttime="20220801 22:27:21.591" endtime="20220801 22:27:27.614"/>
</kw>
<kw name="Maximize Browser Window" library="SeleniumLibrary">
<doc>Maximizes current browser window.</doc>
<status status="PASS" starttime="20220801 22:27:27.615" endtime="20220801 22:27:27.736"/>
</kw>
<kw name="Log" library="BuiltIn">
<arg>Starting test with ${BrowserName}</arg>
<doc>Logs the given message with the given level.</doc>
<msg timestamp="20220801 22:27:27.737" level="INFO">Starting test with Chrome</msg>
<status status="PASS" starttime="20220801 22:27:27.736" endtime="20220801 22:27:27.737"/>
</kw>
<kw name="Log" library="BuiltIn">
<arg>Test URL: ${UserURL}</arg>
<doc>Logs the given message with the given level.</doc>
<msg timestamp="20220801 22:27:27.737" level="INFO">Test URL: https://login-dev.acceleratelearning.com/?to=n115d1013883</msg>
<status status="PASS" starttime="20220801 22:27:27.737" endtime="20220801 22:27:27.737"/>
</kw>
<status status="PASS" starttime="20220801 22:27:21.591" endtime="20220801 22:27:27.737"/>
</kw>
<kw name="Click about us">
<kw name="Check links about us">
<arg>About Us</arg>
<arg>What Is STEMscopes?</arg>
<arg>https://stemscopes.com/about</arg>
<kw name="Click Element" library="SeleniumLibrary">
<arg>//*[text()='${section}']</arg>
<doc>Click the element identified by ``locator``.</doc>
<msg timestamp="20220801 22:27:27.739" level="INFO">Clicking element '//*[text()='About Us']'.</msg>
<status status="PASS" starttime="20220801 22:27:27.738" endtime="20220801 22:27:27.790"/>
</kw>
<kw name="Wait Until Element Is Visible" library="SeleniumLibrary">
<arg>//*[text()='${element}']</arg>
<arg>10s</arg>
<doc>Waits until the element ``locator`` is visible.</doc>
<status status="PASS" starttime="20220801 22:27:27.790" endtime="20220801 22:27:27.815"/>
</kw>
<kw name="Click Element" library="SeleniumLibrary">
<arg>//*[text()='${element}']</arg>
<doc>Click the element identified by ``locator``.</doc>
<msg timestamp="20220801 22:27:27.816" level="INFO">Clicking element '//*[text()='What Is STEMscopes?']'.</msg>
<status status="PASS" starttime="20220801 22:27:27.815" endtime="20220801 22:27:49.255"/>
</kw>
<kw name="Location Should Be" library="SeleniumLibrary">
<arg>${link}</arg>
<doc>Verifies that the current URL is exactly ``url``.</doc>
<msg timestamp="20220801 22:27:49.261" level="INFO">Current location is 'https://stemscopes.com/about'.</msg>
<status status="PASS" starttime="20220801 22:27:49.255" endtime="20220801 22:27:49.261"/>
</kw>
<kw name="Go Back" library="SeleniumLibrary">
<doc>Simulates the user clicking the back button on their browser.</doc>
<status status="PASS" starttime="20220801 22:27:49.261" endtime="20220801 22:27:49.302"/>
</kw>
<status status="PASS" starttime="20220801 22:27:27.738" endtime="20220801 22:27:49.302"/>
</kw>
<kw name="Check links about us">
<arg>About Us</arg>
<arg>Mission / Vision</arg>
<arg>https://stemscopes.com/about#mission</arg>
<kw name="Click Element" library="SeleniumLibrary">
<arg>//*[text()='${section}']</arg>
<doc>Click the element identified by ``locator``.</doc>
<msg timestamp="20220801 22:27:49.303" level="INFO">Clicking element '//*[text()='About Us']'.</msg>
<status status="PASS" starttime="20220801 22:27:49.303" endtime="20220801 22:27:49.354"/>
</kw>
<kw name="Wait Until Element Is Visible" library="SeleniumLibrary">
<arg>//*[text()='${element}']</arg>
<arg>10s</arg>
<doc>Waits until the element ``locator`` is visible.</doc>
<status status="PASS" starttime="20220801 22:27:49.354" endtime="20220801 22:27:49.378"/>
</kw>
<kw name="Click Element" library="SeleniumLibrary">
<arg>//*[text()='${element}']</arg>
<doc>Click the element identified by ``locator``.</doc>
<msg timestamp="20220801 22:27:49.379" level="INFO">Clicking element '//*[text()='Mission / Vision']'.</msg>
<status status="PASS" starttime="20220801 22:27:49.378" endtime="20220801 22:27:50.637"/>
</kw>
<kw name="Location Should Be" library="SeleniumLibrary">
<arg>${link}</arg>
<doc>Verifies that the current URL is exactly ``url``.</doc>
<msg timestamp="20220801 22:27:50.686" level="INFO">Current location is 'https://stemscopes.com/about#mission'.</msg>
<status status="PASS" starttime="20220801 22:27:50.637" endtime="20220801 22:27:50.686"/>
</kw>
<kw name="Go Back" library="SeleniumLibrary">
<doc>Simulates the user clicking the back button on their browser.</doc>
<status status="PASS" starttime="20220801 22:27:50.686" endtime="20220801 22:27:50.707"/>
</kw>
<status status="PASS" starttime="20220801 22:27:49.303" endtime="20220801 22:27:50.707"/>
</kw>
<kw name="Check links about us">
<arg>About Us</arg>
<arg>Team</arg>
<arg>https://stemscopes.com/about#team</arg>
<kw name="Click Element" library="SeleniumLibrary">
<arg>//*[text()='${section}']</arg>
<doc>Click the element identified by ``locator``.</doc>
<msg timestamp="20220801 22:27:50.709" level="INFO">Clicking element '//*[text()='About Us']'.</msg>
<status status="PASS" starttime="20220801 22:27:50.708" endtime="20220801 22:27:50.751"/>
</kw>
<kw name="Wait Until Element Is Visible" library="SeleniumLibrary">
<arg>//*[text()='${element}']</arg>
<arg>10s</arg>
<doc>Waits until the element ``locator`` is visible.</doc>
<status status="PASS" starttime="20220801 22:27:50.751" endtime="20220801 22:27:50.770"/>
</kw>
<kw name="Click Element" library="SeleniumLibrary">
<arg>//*[text()='${element}']</arg>
<doc>Click the element identified by ``locator``.</doc>
<msg timestamp="20220801 22:27:50.770" level="INFO">Clicking element '//*[text()='Team']'.</msg>
<status status="PASS" starttime="20220801 22:27:50.770" endtime="20220801 22:27:53.538"/>
</kw>
<kw name="Location Should Be" library="SeleniumLibrary">
<arg>${link}</arg>
<doc>Verifies that the current URL is exactly ``url``.</doc>
<msg timestamp="20220801 22:27:53.563" level="INFO">Current location is 'https://stemscopes.com/about#team'.</msg>
<status status="PASS" starttime="20220801 22:27:53.539" endtime="20220801 22:27:53.563"/>
</kw>
<kw name="Go Back" library="SeleniumLibrary">
<doc>Simulates the user clicking the back button on their browser.</doc>
<status status="PASS" starttime="20220801 22:27:53.563" endtime="20220801 22:27:53.598"/>
</kw>
<status status="PASS" starttime="20220801 22:27:50.708" endtime="20220801 22:27:53.599"/>
</kw>
<kw name="Check links about us">
<arg>About Us</arg>
<arg>Awards</arg>
<arg>https://stemscopes.com/#awards</arg>
<kw name="Click Element" library="SeleniumLibrary">
<arg>//*[text()='${section}']</arg>
<doc>Click the element identified by ``locator``.</doc>
<msg timestamp="20220801 22:27:53.600" level="INFO">Clicking element '//*[text()='About Us']'.</msg>
<status status="PASS" starttime="20220801 22:27:53.599" endtime="20220801 22:27:53.633"/>
</kw>
<kw name="Wait Until Element Is Visible" library="SeleniumLibrary">
<arg>//*[text()='${element}']</arg>
<arg>10s</arg>
<doc>Waits until the element ``locator`` is visible.</doc>
<status status="PASS" starttime="20220801 22:27:53.633" endtime="20220801 22:27:53.651"/>
</kw>
<kw name="Click Element" library="SeleniumLibrary">
<arg>//*[text()='${element}']</arg>
<doc>Click the element identified by ``locator``.</doc>
<msg timestamp="20220801 22:27:53.651" level="INFO">Clicking element '//*[text()='Awards']'.</msg>
<status status="PASS" starttime="20220801 22:27:53.651" endtime="20220801 22:28:04.485"/>
</kw>
<kw name="Location Should Be" library="SeleniumLibrary">
<arg>${link}</arg>
<doc>Verifies that the current URL is exactly ``url``.</doc>
<msg timestamp="20220801 22:28:04.491" level="INFO">Current location is 'https://stemscopes.com/#awards'.</msg>
<status status="PASS" starttime="20220801 22:28:04.485" endtime="20220801 22:28:04.491"/>
</kw>
<kw name="Go Back" library="SeleniumLibrary">
<doc>Simulates the user clicking the back button on their browser.</doc>
<status status="PASS" starttime="20220801 22:28:04.492" endtime="20220801 22:28:04.545"/>
</kw>
<status status="PASS" starttime="20220801 22:27:53.599" endtime="20220801 22:28:04.545"/>
</kw>
<kw name="Check links about us">
<arg>About Us</arg>
<arg>Contact Us</arg>
<arg>https://stemscopes.com/contact</arg>
<kw name="Click Element" library="SeleniumLibrary">
<arg>//*[text()='${section}']</arg>
<doc>Click the element identified by ``locator``.</doc>
<msg timestamp="20220801 22:28:04.546" level="INFO">Clicking element '//*[text()='About Us']'.</msg>
<status status="PASS" starttime="20220801 22:28:04.545" endtime="20220801 22:28:04.575"/>
</kw>
<kw name="Wait Until Element Is Visible" library="SeleniumLibrary">
<arg>//*[text()='${element}']</arg>
<arg>10s</arg>
<doc>Waits until the element ``locator`` is visible.</doc>
<status status="PASS" starttime="20220801 22:28:04.575" endtime="20220801 22:28:04.596"/>
</kw>
<kw name="Click Element" library="SeleniumLibrary">
<arg>//*[text()='${element}']</arg>
<doc>Click the element identified by ``locator``.</doc>
<msg timestamp="20220801 22:28:04.596" level="INFO">Clicking element '//*[text()='Contact Us']'.</msg>
<status status="PASS" starttime="20220801 22:28:04.596" endtime="20220801 22:28:23.289"/>
</kw>
<kw name="Location Should Be" library="SeleniumLibrary">
<arg>${link}</arg>
<doc>Verifies that the current URL is exactly ``url``.</doc>
<msg timestamp="20220801 22:28:23.299" level="INFO">Current location is 'https://stemscopes.com/contact'.</msg>
<status status="PASS" starttime="20220801 22:28:23.289" endtime="20220801 22:28:23.299"/>
</kw>
<kw name="Go Back" library="SeleniumLibrary">
<doc>Simulates the user clicking the back button on their browser.</doc>
<status status="PASS" starttime="20220801 22:28:23.300" endtime="20220801 22:28:23.340"/>
</kw>
<status status="PASS" starttime="20220801 22:28:04.545" endtime="20220801 22:28:23.340"/>
</kw>
<kw name="Check links about us">
<arg>About Us</arg>
<arg>Career Opportunities</arg>
<arg>https://stemscopes.com/careers</arg>
<kw name="Click Element" library="SeleniumLibrary">
<arg>//*[text()='${section}']</arg>
<doc>Click the element identified by ``locator``.</doc>
<msg timestamp="20220801 22:28:23.341" level="INFO">Clicking element '//*[text()='About Us']'.</msg>
<status status="PASS" starttime="20220801 22:28:23.341" endtime="20220801 22:28:23.375"/>
</kw>
<kw name="Wait Until Element Is Visible" library="SeleniumLibrary">
<arg>//*[text()='${element}']</arg>
<arg>10s</arg>
<doc>Waits until the element ``locator`` is visible.</doc>
<status status="PASS" starttime="20220801 22:28:23.375" endtime="20220801 22:28:23.395"/>
</kw>
<kw name="Click Element" library="SeleniumLibrary">
<arg>//*[text()='${element}']</arg>
<doc>Click the element identified by ``locator``.</doc>
<msg timestamp="20220801 22:28:23.396" level="INFO">Clicking element '//*[text()='Career Opportunities']'.</msg>
<status status="PASS" starttime="20220801 22:28:23.396" endtime="20220801 22:28:31.383"/>
</kw>
<kw name="Location Should Be" library="SeleniumLibrary">
<arg>${link}</arg>
<doc>Verifies that the current URL is exactly ``url``.</doc>
<msg timestamp="20220801 22:28:31.389" level="INFO">Current location is 'https://stemscopes.com/careers'.</msg>
<status status="PASS" starttime="20220801 22:28:31.383" endtime="20220801 22:28:31.389"/>
</kw>
<kw name="Go Back" library="SeleniumLibrary">
<doc>Simulates the user clicking the back button on their browser.</doc>
<status status="PASS" starttime="20220801 22:28:31.389" endtime="20220801 22:28:31.409"/>
</kw>
<status status="PASS" starttime="20220801 22:28:23.340" endtime="20220801 22:28:31.410"/>
</kw>
<kw name="Check links about us">
<arg>About Us</arg>
<arg>Diversity Statement</arg>
<arg>https://stemscopes.com/diversity-statement</arg>
<kw name="Click Element" library="SeleniumLibrary">
<arg>//*[text()='${section}']</arg>
<doc>Click the element identified by ``locator``.</doc>
<msg timestamp="20220801 22:28:31.411" level="INFO">Clicking element '//*[text()='About Us']'.</msg>
<status status="PASS" starttime="20220801 22:28:31.410" endtime="20220801 22:28:31.454"/>
</kw>
<kw name="Wait Until Element Is Visible" library="SeleniumLibrary">
<arg>//*[text()='${element}']</arg>
<arg>10s</arg>
<doc>Waits until the element ``locator`` is visible.</doc>
<status status="PASS" starttime="20220801 22:28:31.454" endtime="20220801 22:28:31.475"/>
</kw>
<kw name="Click Element" library="SeleniumLibrary">
<arg>//*[text()='${element}']</arg>
<doc>Click the element identified by ``locator``.</doc>
<msg timestamp="20220801 22:28:31.476" level="INFO">Clicking element '//*[text()='Diversity Statement']'.</msg>
<status status="PASS" starttime="20220801 22:28:31.475" endtime="20220801 22:28:34.048"/>
</kw>
<kw name="Location Should Be" library="SeleniumLibrary">
<arg>${link}</arg>
<doc>Verifies that the current URL is exactly ``url``.</doc>
<msg timestamp="20220801 22:28:34.054" level="INFO">Current location is 'https://stemscopes.com/diversity-statement'.</msg>
<status status="PASS" starttime="20220801 22:28:34.048" endtime="20220801 22:28:34.055"/>
</kw>
<kw name="Go Back" library="SeleniumLibrary">
<doc>Simulates the user clicking the back button on their browser.</doc>
<status status="PASS" starttime="20220801 22:28:34.055" endtime="20220801 22:28:34.076"/>
</kw>
<status status="PASS" starttime="20220801 22:28:31.410" endtime="20220801 22:28:34.077"/>
</kw>
<status status="PASS" starttime="20220801 22:27:27.738" endtime="20220801 22:28:34.077"/>
</kw>
<kw name="Click STEMscopes Products">
<kw name="Check links STEMscopes Products">
<arg>STEMscopes</arg>
<arg>Find Curriculum Built for my State</arg>
<arg>https://stemscopes.com/stempreview/</arg>
<kw name="Click Element" library="SeleniumLibrary">
<arg>//*[text()='${section} ']</arg>
<doc>Click the element identified by ``locator``.</doc>
<msg timestamp="20220801 22:28:34.080" level="INFO">Clicking element '//*[text()='STEMscopes ']'.</msg>
<status status="PASS" starttime="20220801 22:28:34.079" endtime="20220801 22:28:34.138"/>
</kw>
<kw name="Wait Until Element Is Visible" library="SeleniumLibrary">
<arg>//*[text()='${element}']</arg>
<arg>10s</arg>
<doc>Waits until the element ``locator`` is visible.</doc>
<status status="PASS" starttime="20220801 22:28:34.138" endtime="20220801 22:28:34.155"/>
</kw>
<kw name="Click Element" library="SeleniumLibrary">
<arg>//*[text()='${element}']</arg>
<doc>Click the element identified by ``locator``.</doc>
<msg timestamp="20220801 22:28:34.156" level="INFO">Clicking element '//*[text()='Find Curriculum Built for my State']'.</msg>
<status status="PASS" starttime="20220801 22:28:34.155" endtime="20220801 22:29:04.568"/>
</kw>
<kw name="Location Should Be" library="SeleniumLibrary">
<arg>${link}</arg>
<doc>Verifies that the current URL is exactly ``url``.</doc>
<msg timestamp="20220801 22:29:04.578" level="INFO">Current location is 'https://stemscopes.com/stempreview/'.</msg>
<status status="PASS" starttime="20220801 22:29:04.569" endtime="20220801 22:29:04.578"/>
</kw>
<kw name="Go Back" library="SeleniumLibrary">
<doc>Simulates the user clicking the back button on their browser.</doc>
<status status="PASS" starttime="20220801 22:29:04.578" endtime="20220801 22:29:04.632"/>
</kw>
<status status="PASS" starttime="20220801 22:28:34.078" endtime="20220801 22:29:04.632"/>
</kw>
<kw name="Check links STEMscopes Products">
<arg>STEMscopes</arg>
<arg>Find International Curriculum</arg>
<arg>https://stemscopes.com/stempreview-intl/</arg>
<kw name="Click Element" library="SeleniumLibrary">
<arg>//*[text()='${section} ']</arg>
<doc>Click the element identified by ``locator``.</doc>
<msg timestamp="20220801 22:29:04.633" level="INFO">Clicking element '//*[text()='STEMscopes ']'.</msg>
<status status="PASS" starttime="20220801 22:29:04.633" endtime="20220801 22:29:04.661"/>
</kw>
<kw name="Wait Until Element Is Visible" library="SeleniumLibrary">
<arg>//*[text()='${element}']</arg>
<arg>10s</arg>
<doc>Waits until the element ``locator`` is visible.</doc>
<status status="PASS" starttime="20220801 22:29:04.662" endtime="20220801 22:29:04.681"/>
</kw>
<kw name="Click Element" library="SeleniumLibrary">
<arg>//*[text()='${element}']</arg>
<doc>Click the element identified by ``locator``.</doc>
<msg timestamp="20220801 22:29:04.682" level="INFO">Clicking element '//*[text()='Find International Curriculum']'.</msg>
<status status="PASS" starttime="20220801 22:29:04.681" endtime="20220801 22:29:05.632"/>
</kw>
<kw name="Location Should Be" library="SeleniumLibrary">
<arg>${link}</arg>
<doc>Verifies that the current URL is exactly ``url``.</doc>
<msg timestamp="20220801 22:29:05.637" level="INFO">Current location is 'https://stemscopes.com/stempreview-intl/'.</msg>
<status status="PASS" starttime="20220801 22:29:05.632" endtime="20220801 22:29:05.637"/>
</kw>
<kw name="Go Back" library="SeleniumLibrary">
<doc>Simulates the user clicking the back button on their browser.</doc>
<status status="PASS" starttime="20220801 22:29:05.637" endtime="20220801 22:29:05.654"/>
</kw>
<status status="PASS" starttime="20220801 22:29:04.632" endtime="20220801 22:29:05.655"/>
</kw>
<kw name="Check links STEMscopes Products">
<arg>STEMscopes</arg>
<arg>STEMscopes Science</arg>
<arg>https://stemscopes.com/science/</arg>
<kw name="Click Element" library="SeleniumLibrary">
<arg>//*[text()='${section} ']</arg>
<doc>Click the element identified by ``locator``.</doc>
<msg timestamp="20220801 22:29:05.656" level="INFO">Clicking element '//*[text()='STEMscopes ']'.</msg>
<status status="PASS" starttime="20220801 22:29:05.655" endtime="20220801 22:29:05.689"/>
</kw>
<kw name="Wait Until Element Is Visible" library="SeleniumLibrary">
<arg>//*[text()='${element}']</arg>
<arg>10s</arg>
<doc>Waits until the element ``locator`` is visible.</doc>
<status status="PASS" starttime="20220801 22:29:05.689" endtime="20220801 22:29:05.707"/>
</kw>
<kw name="Click Element" library="SeleniumLibrary">
<arg>//*[text()='${element}']</arg>
<doc>Click the element identified by ``locator``.</doc>
<msg timestamp="20220801 22:29:05.707" level="INFO">Clicking element '//*[text()='STEMscopes Science']'.</msg>
<status status="PASS" starttime="20220801 22:29:05.707" endtime="20220801 22:29:20.896"/>
</kw>
<kw name="Location Should Be" library="SeleniumLibrary">
<arg>${link}</arg>
<doc>Verifies that the current URL is exactly ``url``.</doc>
<msg timestamp="20220801 22:29:20.903" level="INFO">Current location is 'https://stemscopes.com/science/'.</msg>
<status status="PASS" starttime="20220801 22:29:20.896" endtime="20220801 22:29:20.903"/>
</kw>
<kw name="Go Back" library="SeleniumLibrary">
<doc>Simulates the user clicking the back button on their browser.</doc>
<status status="PASS" starttime="20220801 22:29:20.903" endtime="20220801 22:29:20.932"/>
</kw>
<status status="PASS" starttime="20220801 22:29:05.655" endtime="20220801 22:29:20.932"/>
</kw>
<kw name="Check links STEMscopes Products">
<arg>STEMscopes</arg>
<arg>STEMscopes Math</arg>
<arg>https://stemscopes.com/math/</arg>
<kw name="Click Element" library="SeleniumLibrary">
<arg>//*[text()='${section} ']</arg>
<doc>Click the element identified by ``locator``.</doc>
<msg timestamp="20220801 22:29:20.933" level="INFO">Clicking element '//*[text()='STEMscopes ']'.</msg>
<status status="PASS" starttime="20220801 22:29:20.933" endtime="20220801 22:29:20.993"/>
</kw>
<kw name="Wait Until Element Is Visible" library="SeleniumLibrary">
<arg>//*[text()='${element}']</arg>
<arg>10s</arg>
<doc>Waits until the element ``locator`` is visible.</doc>
<status status="PASS" starttime="20220801 22:29:20.993" endtime="20220801 22:29:21.014"/>
</kw>
<kw name="Click Element" library="SeleniumLibrary">
<arg>//*[text()='${element}']</arg>
<doc>Click the element identified by ``locator``.</doc>
<msg timestamp="20220801 22:29:21.014" level="INFO">Clicking element '//*[text()='STEMscopes Math']'.</msg>
<status status="PASS" starttime="20220801 22:29:21.014" endtime="20220801 22:29:22.003"/>
</kw>
<kw name="Location Should Be" library="SeleniumLibrary">
<arg>${link}</arg>
<doc>Verifies that the current URL is exactly ``url``.</doc>
<msg timestamp="20220801 22:29:22.008" level="INFO">Current location is 'https://stemscopes.com/math/'.</msg>
<status status="PASS" starttime="20220801 22:29:22.004" endtime="20220801 22:29:22.009"/>
</kw>
<kw name="Go Back" library="SeleniumLibrary">
<doc>Simulates the user clicking the back button on their browser.</doc>
<status status="PASS" starttime="20220801 22:29:22.009" endtime="20220801 22:29:22.028"/>
</kw>
<status status="PASS" starttime="20220801 22:29:20.932" endtime="20220801 22:29:22.028"/>
</kw>
<kw name="Check links STEMscopes Products">
<arg>STEMscopes</arg>
<arg>STEMscopes Early Explorer</arg>
<arg>https://stemscopes.com/early-explorer/</arg>
<kw name="Click Element" library="SeleniumLibrary">
<arg>//*[text()='${section} ']</arg>
<doc>Click the element identified by ``locator``.</doc>
<msg timestamp="20220801 22:29:22.029" level="INFO">Clicking element '//*[text()='STEMscopes ']'.</msg>
<status status="PASS" starttime="20220801 22:29:22.029" endtime="20220801 22:29:22.073"/>
</kw>
<kw name="Wait Until Element Is Visible" library="SeleniumLibrary">
<arg>//*[text()='${element}']</arg>
<arg>10s</arg>
<doc>Waits until the element ``locator`` is visible.</doc>
<status status="PASS" starttime="20220801 22:29:22.073" endtime="20220801 22:29:22.091"/>
</kw>
<kw name="Click Element" library="SeleniumLibrary">
<arg>//*[text()='${element}']</arg>
<doc>Click the element identified by ``locator``.</doc>
<msg timestamp="20220801 22:29:22.092" level="INFO">Clicking element '//*[text()='STEMscopes Early Explorer']'.</msg>
<status status="PASS" starttime="20220801 22:29:22.092" endtime="20220801 22:29:38.702"/>
</kw>
<kw name="Location Should Be" library="SeleniumLibrary">
<arg>${link}</arg>
<doc>Verifies that the current URL is exactly ``url``.</doc>
<msg timestamp="20220801 22:29:38.712" level="INFO">Current location is 'https://stemscopes.com/early-explorer/'.</msg>
<status status="PASS" starttime="20220801 22:29:38.702" endtime="20220801 22:29:38.712"/>
</kw>
<kw name="Go Back" library="SeleniumLibrary">
<doc>Simulates the user clicking the back button on their browser.</doc>
<status status="PASS" starttime="20220801 22:29:38.713" endtime="20220801 22:29:38.758"/>
</kw>
<status status="PASS" starttime="20220801 22:29:22.028" endtime="20220801 22:29:38.758"/>
</kw>
<kw name="Check links STEMscopes Products">
<arg>STEMscopes</arg>
<arg>STEMscopes Coding</arg>
<arg>https://stemscopes.com/coding/</arg>
<kw name="Click Element" library="SeleniumLibrary">
<arg>//*[text()='${section} ']</arg>
<doc>Click the element identified by ``locator``.</doc>
<msg timestamp="20220801 22:29:38.760" level="INFO">Clicking element '//*[text()='STEMscopes ']'.</msg>
<status status="PASS" starttime="20220801 22:29:38.759" endtime="20220801 22:29:38.823"/>
</kw>
<kw name="Wait Until Element Is Visible" library="SeleniumLibrary">
<arg>//*[text()='${element}']</arg>
<arg>10s</arg>
<doc>Waits until the element ``locator`` is visible.</doc>
<status status="PASS" starttime="20220801 22:29:38.824" endtime="20220801 22:29:38.843"/>
</kw>
<kw name="Click Element" library="SeleniumLibrary">
<arg>//*[text()='${element}']</arg>
<doc>Click the element identified by ``locator``.</doc>
<msg timestamp="20220801 22:29:38.843" level="INFO">Clicking element '//*[text()='STEMscopes Coding']'.</msg>
<status status="PASS" starttime="20220801 22:29:38.843" endtime="20220801 22:30:21.602"/>
</kw>
<kw name="Location Should Be" library="SeleniumLibrary">
<arg>${link}</arg>
<doc>Verifies that the current URL is exactly ``url``.</doc>
<msg timestamp="20220801 22:30:21.609" level="INFO">Current location is 'https://stemscopes.com/coding/'.</msg>
<status status="PASS" starttime="20220801 22:30:21.602" endtime="20220801 22:30:21.609"/>
</kw>
<kw name="Go Back" library="SeleniumLibrary">
<doc>Simulates the user clicking the back button on their browser.</doc>
<status status="PASS" starttime="20220801 22:30:21.609" endtime="20220801 22:30:21.652"/>
</kw>
<status status="PASS" starttime="20220801 22:29:38.758" endtime="20220801 22:30:21.652"/>
</kw>
<kw name="Check links STEMscopes Products">
<arg>STEMscopes</arg>
<arg>DIVE-in Engineering</arg>
<arg>https://stemscopes.com/dive-in/</arg>
<kw name="Click Element" library="SeleniumLibrary">
<arg>//*[text()='${section} ']</arg>
<doc>Click the element identified by ``locator``.</doc>
<msg timestamp="20220801 22:30:21.653" level="INFO">Clicking element '//*[text()='STEMscopes ']'.</msg>
<status status="PASS" starttime="20220801 22:30:21.653" endtime="20220801 22:30:21.678"/>
</kw>
<kw name="Wait Until Element Is Visible" library="SeleniumLibrary">
<arg>//*[text()='${element}']</arg>
<arg>10s</arg>
<doc>Waits until the element ``locator`` is visible.</doc>
<status status="PASS" starttime="20220801 22:30:21.678" endtime="20220801 22:30:21.695"/>
</kw>
<kw name="Click Element" library="SeleniumLibrary">
<arg>//*[text()='${element}']</arg>
<doc>Click the element identified by ``locator``.</doc>
<msg timestamp="20220801 22:30:21.696" level="INFO">Clicking element '//*[text()='DIVE-in Engineering']'.</msg>
<status status="PASS" starttime="20220801 22:30:21.696" endtime="20220801 22:30:34.519"/>
</kw>
<kw name="Location Should Be" library="SeleniumLibrary">
<arg>${link}</arg>
<doc>Verifies that the current URL is exactly ``url``.</doc>
<msg timestamp="20220801 22:30:34.526" level="INFO">Current location is 'https://stemscopes.com/dive-in/'.</msg>
<status status="PASS" starttime="20220801 22:30:34.520" endtime="20220801 22:30:34.526"/>
</kw>
<kw name="Go Back" library="SeleniumLibrary">
<doc>Simulates the user clicking the back button on their browser.</doc>
<status status="PASS" starttime="20220801 22:30:34.526" endtime="20220801 22:30:34.575"/>
</kw>
<status status="PASS" starttime="20220801 22:30:21.652" endtime="20220801 22:30:34.575"/>
</kw>
<kw name="Check links STEMscopes Products">
<arg>STEMscopes</arg>
<arg>STEMscopes Streaming</arg>
<arg>https://stemscopes.com/streaming/</arg>
<kw name="Click Element" library="SeleniumLibrary">
<arg>//*[text()='${section} ']</arg>
<doc>Click the element identified by ``locator``.</doc>
<msg timestamp="20220801 22:30:34.576" level="INFO">Clicking element '//*[text()='STEMscopes ']'.</msg>
<status status="PASS" starttime="20220801 22:30:34.576" endtime="20220801 22:30:34.603"/>
</kw>
<kw name="Wait Until Element Is Visible" library="SeleniumLibrary">
<arg>//*[text()='${element}']</arg>
<arg>10s</arg>
<doc>Waits until the element ``locator`` is visible.</doc>
<status status="PASS" starttime="20220801 22:30:34.603" endtime="20220801 22:30:34.623"/>
</kw>
<kw name="Click Element" library="SeleniumLibrary">
<arg>//*[text()='${element}']</arg>
<doc>Click the element identified by ``locator``.</doc>
<msg timestamp="20220801 22:30:34.624" level="INFO">Clicking element '//*[text()='STEMscopes Streaming']'.</msg>
<status status="PASS" starttime="20220801 22:30:34.623" endtime="20220801 22:30:56.095"/>
</kw>
<kw name="Location Should Be" library="SeleniumLibrary">
<arg>${link}</arg>
<doc>Verifies that the current URL is exactly ``url``.</doc>
<msg timestamp="20220801 22:30:56.100" level="INFO">Current location is 'https://stemscopes.com/streaming/'.</msg>
<status status="PASS" starttime="20220801 22:30:56.096" endtime="20220801 22:30:56.101"/>
</kw>
<kw name="Go Back" library="SeleniumLibrary">
<doc>Simulates the user clicking the back button on their browser.</doc>
<status status="PASS" starttime="20220801 22:30:56.101" endtime="20220801 22:30:56.138"/>
</kw>
<status status="PASS" starttime="20220801 22:30:34.575" endtime="20220801 22:30:56.138"/>
</kw>
<status status="PASS" starttime="20220801 22:28:34.078" endtime="20220801 22:30:56.139"/>
</kw>
<kw name="Click STEM Professional Learning">
<kw name="Check links STEM Professional Learning">
<arg>Professional Learning</arg>
<arg>National Institute for STEM Education</arg>
<arg>https://nise.institute/</arg>
<kw name="Click Element" library="SeleniumLibrary">
<arg>//*[text()='${section}']</arg>
<doc>Click the element identified by ``locator``.</doc>
<msg timestamp="20220801 22:30:56.141" level="INFO">Clicking element '//*[text()='Professional Learning']'.</msg>
<status status="PASS" starttime="20220801 22:30:56.140" endtime="20220801 22:30:56.191"/>
</kw>
<kw name="Wait Until Element Is Visible" library="SeleniumLibrary">
<arg>//*[text()='${element}']</arg>
<arg>10s</arg>
<doc>Waits until the element ``locator`` is visible.</doc>
<status status="PASS" starttime="20220801 22:30:56.191" endtime="20220801 22:30:56.209"/>
</kw>
<kw name="Click Element" library="SeleniumLibrary">
<arg>//*[text()='${element}']</arg>
<doc>Click the element identified by ``locator``.</doc>
<msg timestamp="20220801 22:30:56.210" level="INFO">Clicking element '//*[text()='National Institute for STEM Education']'.</msg>
<status status="PASS" starttime="20220801 22:30:56.210" endtime="20220801 22:30:59.440"/>
</kw>
<kw name="Location Should Be" library="SeleniumLibrary">
<arg>${link}</arg>
<doc>Verifies that the current URL is exactly ``url``.</doc>
<msg timestamp="20220801 22:30:59.449" level="INFO">Current location is 'https://nise.institute/'.</msg>
<status status="PASS" starttime="20220801 22:30:59.441" endtime="20220801 22:30:59.449"/>
</kw>
<kw name="Go Back" library="SeleniumLibrary">
<doc>Simulates the user clicking the back button on their browser.</doc>
<status status="PASS" starttime="20220801 22:30:59.449" endtime="20220801 22:30:59.506"/>
</kw>
<status status="PASS" starttime="20220801 22:30:56.140" endtime="20220801 22:30:59.506"/>
</kw>
<kw name="Check links STEM Professional Learning">
<arg>Professional Learning</arg>
<arg>STEMscopes Professional Learning</arg>
<arg>https://stemscopes.com/professional-learning/</arg>
<kw name="Click Element" library="SeleniumLibrary">
<arg>//*[text()='${section}']</arg>
<doc>Click the element identified by ``locator``.</doc>
<msg timestamp="20220801 22:30:59.507" level="INFO">Clicking element '//*[text()='Professional Learning']'.</msg>
<status status="PASS" starttime="20220801 22:30:59.507" endtime="20220801 22:30:59.533"/>
</kw>
<kw name="Wait Until Element Is Visible" library="SeleniumLibrary">
<arg>//*[text()='${element}']</arg>
<arg>10s</arg>
<doc>Waits until the element ``locator`` is visible.</doc>
<status status="PASS" starttime="20220801 22:30:59.533" endtime="20220801 22:30:59.551"/>
</kw>
<kw name="Click Element" library="SeleniumLibrary">
<arg>//*[text()='${element}']</arg>
<doc>Click the element identified by ``locator``.</doc>
<msg timestamp="20220801 22:30:59.552" level="INFO">Clicking element '//*[text()='STEMscopes Professional Learning']'.</msg>
<status status="PASS" starttime="20220801 22:30:59.551" endtime="20220801 22:31:13.127"/>
</kw>
<kw name="Location Should Be" library="SeleniumLibrary">
<arg>${link}</arg>
<doc>Verifies that the current URL is exactly ``url``.</doc>
<msg timestamp="20220801 22:31:13.134" level="INFO">Current location is 'https://stemscopes.com/professional-learning/'.</msg>
<status status="PASS" starttime="20220801 22:31:13.127" endtime="20220801 22:31:13.135"/>
</kw>
<kw name="Go Back" library="SeleniumLibrary">
<doc>Simulates the user clicking the back button on their browser.</doc>
<status status="PASS" starttime="20220801 22:31:13.135" endtime="20220801 22:31:13.188"/>
</kw>
<status status="PASS" starttime="20220801 22:30:59.506" endtime="20220801 22:31:13.189"/>
</kw>
<status status="PASS" starttime="20220801 22:30:56.139" endtime="20220801 22:31:13.189"/>
</kw>
<kw name="Click Resources">
<kw name="Check links Resources">
<arg>Resources</arg>
<arg>STEM Education Webinars</arg>
<arg>https://stemscopes.com/stemposium/</arg>
<kw name="Click Element" library="SeleniumLibrary">
<arg>//*[text()='${section}']</arg>
<doc>Click the element identified by ``locator``.</doc>
<msg timestamp="20220801 22:31:13.190" level="INFO">Clicking element '//*[text()='Resources']'.</msg>
<status status="PASS" starttime="20220801 22:31:13.190" endtime="20220801 22:31:13.235"/>
</kw>
<kw name="Wait Until Element Is Visible" library="SeleniumLibrary">
<arg>//*[text()='${element}']</arg>
<arg>15s</arg>
<doc>Waits until the element ``locator`` is visible.</doc>
<status status="PASS" starttime="20220801 22:31:13.235" endtime="20220801 22:31:13.253"/>
</kw>
<kw name="Click Element" library="SeleniumLibrary">
<arg>//*[text()='${element}']</arg>
<doc>Click the element identified by ``locator``.</doc>
<msg timestamp="20220801 22:31:13.254" level="INFO">Clicking element '//*[text()='STEM Education Webinars']'.</msg>
<status status="PASS" starttime="20220801 22:31:13.253" endtime="20220801 22:31:42.469"/>
</kw>
<kw name="Location Should Be" library="SeleniumLibrary">
<arg>${link}</arg>
<doc>Verifies that the current URL is exactly ``url``.</doc>
<msg timestamp="20220801 22:31:42.478" level="INFO">Current location is 'https://stemscopes.com/stemposium/'.</msg>
<status status="PASS" starttime="20220801 22:31:42.469" endtime="20220801 22:31:42.478"/>
</kw>
<kw name="Go Back" library="SeleniumLibrary">
<doc>Simulates the user clicking the back button on their browser.</doc>
<status status="PASS" starttime="20220801 22:31:42.478" endtime="20220801 22:31:42.500"/>
</kw>
<status status="PASS" starttime="20220801 22:31:13.190" endtime="20220801 22:31:42.500"/>
</kw>
<kw name="Check links Resources">
<arg>Resources</arg>
<arg>Learning Equity</arg>
<arg>https://stemscopes.com/learning-equity/</arg>
<kw name="Click Element" library="SeleniumLibrary">
<arg>//*[text()='${section}']</arg>
<doc>Click the element identified by ``locator``.</doc>
<msg timestamp="20220801 22:31:42.501" level="INFO">Clicking element '//*[text()='Resources']'.</msg>
<status status="PASS" starttime="20220801 22:31:42.501" endtime="20220801 22:31:42.553"/>
</kw>
<kw name="Wait Until Element Is Visible" library="SeleniumLibrary">
<arg>//*[text()='${element}']</arg>
<arg>15s</arg>
<doc>Waits until the element ``locator`` is visible.</doc>
<status status="PASS" starttime="20220801 22:31:42.553" endtime="20220801 22:31:42.572"/>
</kw>
<kw name="Click Element" library="SeleniumLibrary">
<arg>//*[text()='${element}']</arg>
<doc>Click the element identified by ``locator``.</doc>
<msg timestamp="20220801 22:31:42.572" level="INFO">Clicking element '//*[text()='Learning Equity']'.</msg>
<status status="PASS" starttime="20220801 22:31:42.572" endtime="20220801 22:31:51.605"/>
</kw>
<kw name="Location Should Be" library="SeleniumLibrary">
<arg>${link}</arg>
<doc>Verifies that the current URL is exactly ``url``.</doc>
<msg timestamp="20220801 22:31:51.610" level="INFO">Current location is 'https://stemscopes.com/learning-equity/'.</msg>
<status status="PASS" starttime="20220801 22:31:51.606" endtime="20220801 22:31:51.610"/>
</kw>
<kw name="Go Back" library="SeleniumLibrary">
<doc>Simulates the user clicking the back button on their browser.</doc>
<status status="PASS" starttime="20220801 22:31:51.610" endtime="20220801 22:31:51.638"/>
</kw>
<status status="PASS" starttime="20220801 22:31:42.500" endtime="20220801 22:31:51.639"/>
</kw>
<kw name="Check links Resources">
<arg>Resources</arg>
<arg>STEMscopes Distance Learning</arg>
<arg>https://stemscopes.com/distance-learning</arg>
<kw name="Click Element" library="SeleniumLibrary">
<arg>//*[text()='${section}']</arg>
<doc>Click the element identified by ``locator``.</doc>
<msg timestamp="20220801 22:31:51.640" level="INFO">Clicking element '//*[text()='Resources']'.</msg>
<status status="PASS" starttime="20220801 22:31:51.639" endtime="20220801 22:31:51.690"/>
</kw>
<kw name="Wait Until Element Is Visible" library="SeleniumLibrary">
<arg>//*[text()='${element}']</arg>
<arg>15s</arg>
<doc>Waits until the element ``locator`` is visible.</doc>
<status status="PASS" starttime="20220801 22:31:51.691" endtime="20220801 22:31:51.712"/>
</kw>
<kw name="Click Element" library="SeleniumLibrary">
<arg>//*[text()='${element}']</arg>
<doc>Click the element identified by ``locator``.</doc>
<msg timestamp="20220801 22:31:51.713" level="INFO">Clicking element '//*[text()='STEMscopes Distance Learning']'.</msg>
<status status="PASS" starttime="20220801 22:31:51.712" endtime="20220801 22:32:03.111"/>
</kw>
<kw name="Location Should Be" library="SeleniumLibrary">
<arg>${link}</arg>
<doc>Verifies that the current URL is exactly ``url``.</doc>
<msg timestamp="20220801 22:32:03.119" level="INFO">Current location is 'https://stemscopes.com/distance-learning'.</msg>
<status status="PASS" starttime="20220801 22:32:03.111" endtime="20220801 22:32:03.119"/>
</kw>
<kw name="Go Back" library="SeleniumLibrary">
<doc>Simulates the user clicking the back button on their browser.</doc>
<status status="PASS" starttime="20220801 22:32:03.119" endtime="20220801 22:32:03.157"/>
</kw>
<status status="PASS" starttime="20220801 22:31:51.639" endtime="20220801 22:32:03.157"/>
</kw>
<kw name="Check links Resources">
<arg>Resources</arg>
<arg>Product Updates</arg>
<arg>https://stemscopes.com/product-updates</arg>
<kw name="Click Element" library="SeleniumLibrary">
<arg>//*[text()='${section}']</arg>
<doc>Click the element identified by ``locator``.</doc>
<msg timestamp="20220801 22:32:03.158" level="INFO">Clicking element '//*[text()='Resources']'.</msg>
<status status="PASS" starttime="20220801 22:32:03.158" endtime="20220801 22:32:03.201"/>
</kw>
<kw name="Wait Until Element Is Visible" library="SeleniumLibrary">
<arg>//*[text()='${element}']</arg>
<arg>15s</arg>
<doc>Waits until the element ``locator`` is visible.</doc>
<status status="PASS" starttime="20220801 22:32:03.201" endtime="20220801 22:32:03.222"/>
</kw>
<kw name="Click Element" library="SeleniumLibrary">
<arg>//*[text()='${element}']</arg>
<doc>Click the element identified by ``locator``.</doc>
<msg timestamp="20220801 22:32:03.222" level="INFO">Clicking element '//*[text()='Product Updates']'.</msg>
<status status="PASS" starttime="20220801 22:32:03.222" endtime="20220801 22:32:07.410"/>
</kw>
<kw name="Location Should Be" library="SeleniumLibrary">
<arg>${link}</arg>
<doc>Verifies that the current URL is exactly ``url``.</doc>
<msg timestamp="20220801 22:32:07.415" level="INFO">Current location is 'https://stemscopes.com/product-updates'.</msg>
<status status="PASS" starttime="20220801 22:32:07.410" endtime="20220801 22:32:07.415"/>
</kw>
<kw name="Go Back" library="SeleniumLibrary">
<doc>Simulates the user clicking the back button on their browser.</doc>
<status status="PASS" starttime="20220801 22:32:07.415" endtime="20220801 22:32:07.438"/>
</kw>
<status status="PASS" starttime="20220801 22:32:03.158" endtime="20220801 22:32:07.438"/>
</kw>
<kw name="Check links Resources">
<arg>Resources</arg>
<arg>STEMscopes Blog</arg>
<arg>https://blog.stemscopes.com/</arg>
<kw name="Click Element" library="SeleniumLibrary">
<arg>//*[text()='${section}']</arg>
<doc>Click the element identified by ``locator``.</doc>
<msg timestamp="20220801 22:32:07.440" level="INFO">Clicking element '//*[text()='Resources']'.</msg>
<status status="PASS" starttime="20220801 22:32:07.439" endtime="20220801 22:32:07.482"/>
</kw>
<kw name="Wait Until Element Is Visible" library="SeleniumLibrary">
<arg>//*[text()='${element}']</arg>
<arg>15s</arg>
<doc>Waits until the element ``locator`` is visible.</doc>
<status status="PASS" starttime="20220801 22:32:07.482" endtime="20220801 22:32:07.500"/>
</kw>
<kw name="Click Element" library="SeleniumLibrary">
<arg>//*[text()='${element}']</arg>
<doc>Click the element identified by ``locator``.</doc>
<msg timestamp="20220801 22:32:07.501" level="INFO">Clicking element '//*[text()='STEMscopes Blog']'.</msg>
<status status="PASS" starttime="20220801 22:32:07.500" endtime="20220801 22:32:10.485"/>
</kw>
<kw name="Location Should Be" library="SeleniumLibrary">
<arg>${link}</arg>
<doc>Verifies that the current URL is exactly ``url``.</doc>
<msg timestamp="20220801 22:32:10.491" level="INFO">Current location is 'https://blog.stemscopes.com/'.</msg>
<status status="PASS" starttime="20220801 22:32:10.485" endtime="20220801 22:32:10.491"/>
</kw>
<kw name="Go Back" library="SeleniumLibrary">
<doc>Simulates the user clicking the back button on their browser.</doc>
<status status="PASS" starttime="20220801 22:32:10.491" endtime="20220801 22:32:10.514"/>
</kw>
<status status="PASS" starttime="20220801 22:32:07.438" endtime="20220801 22:32:10.514"/>
</kw>
<kw name="Check links Resources">
<arg>Resources</arg>
<arg>Case Studies</arg>
<arg>https://stemscopes.com/case_studies</arg>
<kw name="Click Element" library="SeleniumLibrary">
<arg>//*[text()='${section}']</arg>
<doc>Click the element identified by ``locator``.</doc>
<msg timestamp="20220801 22:32:10.515" level="INFO">Clicking element '//*[text()='Resources']'.</msg>
<status status="PASS" starttime="20220801 22:32:10.515" endtime="20220801 22:32:10.561"/>
</kw>
<kw name="Wait Until Element Is Visible" library="SeleniumLibrary">
<arg>//*[text()='${element}']</arg>
<arg>15s</arg>
<doc>Waits until the element ``locator`` is visible.</doc>
<status status="PASS" starttime="20220801 22:32:10.561" endtime="20220801 22:32:10.579"/>
</kw>
<kw name="Click Element" library="SeleniumLibrary">
<arg>//*[text()='${element}']</arg>
<doc>Click the element identified by ``locator``.</doc>
<msg timestamp="20220801 22:32:10.580" level="INFO">Clicking element '//*[text()='Case Studies']'.</msg>
<status status="PASS" starttime="20220801 22:32:10.579" endtime="20220801 22:32:13.559"/>
</kw>
<kw name="Location Should Be" library="SeleniumLibrary">
<arg>${link}</arg>
<doc>Verifies that the current URL is exactly ``url``.</doc>
<msg timestamp="20220801 22:32:13.566" level="INFO">Current location is 'https://stemscopes.com/case_studies'.</msg>
<status status="PASS" starttime="20220801 22:32:13.559" endtime="20220801 22:32:13.566"/>
</kw>
<kw name="Go Back" library="SeleniumLibrary">
<doc>Simulates the user clicking the back button on their browser.</doc>
<status status="PASS" starttime="20220801 22:32:13.566" endtime="20220801 22:32:13.597"/>
</kw>
<status status="PASS" starttime="20220801 22:32:10.514" endtime="20220801 22:32:13.597"/>
</kw>
<kw name="Check links Resources">
<arg>Resources</arg>
<arg>News</arg>
<arg>https://stemscopes.com/news.php</arg>
<kw name="Click Element" library="SeleniumLibrary">
<arg>//*[text()='${section}']</arg>
<doc>Click the element identified by ``locator``.</doc>
<msg timestamp="20220801 22:32:13.599" level="INFO">Clicking element '//*[text()='Resources']'.</msg>
<status status="PASS" starttime="20220801 22:32:13.598" endtime="20220801 22:32:13.644"/>
</kw>
<kw name="Wait Until Element Is Visible" library="SeleniumLibrary">
<arg>//*[text()='${element}']</arg>
<arg>15s</arg>
<doc>Waits until the element ``locator`` is visible.</doc>
<status status="PASS" starttime="20220801 22:32:13.644" endtime="20220801 22:32:13.662"/>
</kw>
<kw name="Click Element" library="SeleniumLibrary">
<arg>//*[text()='${element}']</arg>
<doc>Click the element identified by ``locator``.</doc>
<msg timestamp="20220801 22:32:13.663" level="INFO">Clicking element '//*[text()='News']'.</msg>
<status status="PASS" starttime="20220801 22:32:13.662" endtime="20220801 22:32:23.552"/>
</kw>
<kw name="Location Should Be" library="SeleniumLibrary">
<arg>${link}</arg>
<doc>Verifies that the current URL is exactly ``url``.</doc>
<msg timestamp="20220801 22:32:23.559" level="INFO">Current location is 'https://stemscopes.com/news.php'.</msg>
<status status="PASS" starttime="20220801 22:32:23.552" endtime="20220801 22:32:23.559"/>
</kw>
<kw name="Go Back" library="SeleniumLibrary">
<doc>Simulates the user clicking the back button on their browser.</doc>
<status status="PASS" starttime="20220801 22:32:23.560" endtime="20220801 22:32:23.584"/>
</kw>
<status status="PASS" starttime="20220801 22:32:13.598" endtime="20220801 22:32:23.584"/>
</kw>
<kw name="Check links Resources">
<arg>Resources</arg>
<arg>Free Resources</arg>
<arg>https://stemscopes.com/science/#resources</arg>
<kw name="Click Element" library="SeleniumLibrary">
<arg>//*[text()='${section}']</arg>
<doc>Click the element identified by ``locator``.</doc>
<msg timestamp="20220801 22:32:23.586" level="INFO">Clicking element '//*[text()='Resources']'.</msg>
<status status="PASS" starttime="20220801 22:32:23.585" endtime="20220801 22:32:23.629"/>
</kw>
<kw name="Wait Until Element Is Visible" library="SeleniumLibrary">
<arg>//*[text()='${element}']</arg>
<arg>15s</arg>
<doc>Waits until the element ``locator`` is visible.</doc>
<status status="PASS" starttime="20220801 22:32:23.629" endtime="20220801 22:32:23.652"/>
</kw>
<kw name="Click Element" library="SeleniumLibrary">
<arg>//*[text()='${element}']</arg>
<doc>Click the element identified by ``locator``.</doc>
<msg timestamp="20220801 22:32:23.652" level="INFO">Clicking element '//*[text()='Free Resources']'.</msg>
<status status="PASS" starttime="20220801 22:32:23.652" endtime="20220801 22:32:24.521"/>
</kw>
<kw name="Location Should Be" library="SeleniumLibrary">
<arg>${link}</arg>
<doc>Verifies that the current URL is exactly ``url``.</doc>
<msg timestamp="20220801 22:32:24.527" level="INFO">Current location is 'https://stemscopes.com/science/#resources'.</msg>
<status status="PASS" starttime="20220801 22:32:24.521" endtime="20220801 22:32:24.527"/>
</kw>
<kw name="Go Back" library="SeleniumLibrary">
<doc>Simulates the user clicking the back button on their browser.</doc>
<status status="PASS" starttime="20220801 22:32:24.527" endtime="20220801 22:32:24.573"/>
</kw>
<status status="PASS" starttime="20220801 22:32:23.585" endtime="20220801 22:32:24.573"/>
</kw>
<kw name="Check links Resources">
<arg>Resources</arg>
<arg>Testimonials</arg>
<arg>https://stemscopes.com/testimonials</arg>
<kw name="Click Element" library="SeleniumLibrary">
<arg>//*[text()='${section}']</arg>
<doc>Click the element identified by ``locator``.</doc>
<msg timestamp="20220801 22:32:24.574" level="INFO">Clicking element '//*[text()='Resources']'.</msg>
<status status="PASS" starttime="20220801 22:32:24.574" endtime="20220801 22:32:24.600"/>
</kw>
<kw name="Wait Until Element Is Visible" library="SeleniumLibrary">
<arg>//*[text()='${element}']</arg>
<arg>15s</arg>
<doc>Waits until the element ``locator`` is visible.</doc>
<status status="PASS" starttime="20220801 22:32:24.600" endtime="20220801 22:32:24.621"/>
</kw>
<kw name="Click Element" library="SeleniumLibrary">
<arg>//*[text()='${element}']</arg>
<doc>Click the element identified by ``locator``.</doc>
<msg timestamp="20220801 22:32:24.622" level="INFO">Clicking element '//*[text()='Testimonials']'.</msg>
<status status="PASS" starttime="20220801 22:32:24.622" endtime="20220801 22:32:30.797"/>
</kw>
<kw name="Location Should Be" library="SeleniumLibrary">
<arg>${link}</arg>
<doc>Verifies that the current URL is exactly ``url``.</doc>
<msg timestamp="20220801 22:32:30.806" level="INFO">Current location is 'https://stemscopes.com/testimonials'.</msg>
<status status="PASS" starttime="20220801 22:32:30.798" endtime="20220801 22:32:30.806"/>
</kw>
<kw name="Go Back" library="SeleniumLibrary">
<doc>Simulates the user clicking the back button on their browser.</doc>
<status status="PASS" starttime="20220801 22:32:30.807" endtime="20220801 22:32:30.858"/>
</kw>
<status status="PASS" starttime="20220801 22:32:24.573" endtime="20220801 22:32:30.858"/>
</kw>
<kw name="Check links Resources awards">
<arg>Resources</arg>
<arg>Awards</arg>
<arg>https://stemscopes.com/#awards</arg>
<kw name="Click Element" library="SeleniumLibrary">
<arg>//*[text()='${section}']</arg>
<doc>Click the element identified by ``locator``.</doc>
<msg timestamp="20220801 22:32:30.860" level="INFO">Clicking element '//*[text()='Resources']'.</msg>
<status status="PASS" starttime="20220801 22:32:30.859" endtime="20220801 22:32:30.897"/>
</kw>
<kw name="Wait Until Element Is Visible" library="SeleniumLibrary">
<arg>(//*[text()='${element}'])[2]</arg>
<arg>15s</arg>
<doc>Waits until the element ``locator`` is visible.</doc>
<status status="PASS" starttime="20220801 22:32:30.897" endtime="20220801 22:32:30.915"/>
</kw>
<kw name="Click Element" library="SeleniumLibrary">
<arg>(//*[text()='${element}'])[2]</arg>
<doc>Click the element identified by ``locator``.</doc>
<msg timestamp="20220801 22:32:30.915" level="INFO">Clicking element '(//*[text()='Awards'])[2]'.</msg>
<status status="PASS" starttime="20220801 22:32:30.915" endtime="20220801 22:32:32.447"/>
</kw>
<kw name="Location Should Be" library="SeleniumLibrary">
<arg>${link}</arg>
<doc>Verifies that the current URL is exactly ``url``.</doc>
<msg timestamp="20220801 22:32:32.451" level="INFO">Current location is 'https://stemscopes.com/#awards'.</msg>
<status status="PASS" starttime="20220801 22:32:32.447" endtime="20220801 22:32:32.451"/>
</kw>
<kw name="Go Back" library="SeleniumLibrary">
<doc>Simulates the user clicking the back button on their browser.</doc>
<status status="PASS" starttime="20220801 22:32:32.451" endtime="20220801 22:32:32.471"/>
</kw>
<status status="PASS" starttime="20220801 22:32:30.859" endtime="20220801 22:32:32.471"/>
</kw>
<status status="PASS" starttime="20220801 22:31:13.189" endtime="20220801 22:32:32.471"/>
</kw>
<kw name="Close Browser" library="SeleniumLibrary" type="TEARDOWN">
<doc>Closes the current browser.</doc>
<status status="PASS" starttime="20220801 22:32:32.472" endtime="20220801 22:32:34.746"/>
</kw>
<status status="PASS" starttime="20220801 22:27:21.590" endtime="20220801 22:32:34.747"/>
</test>
<status status="PASS" starttime="20220801 22:27:21.395" endtime="20220801 22:32:34.751"/>
</suite>
<statistics>
<total>
<stat pass="1" fail="0" skip="0">All Tests</stat>
</total>
<tag>
</tag>
<suite>
<stat pass="1" fail="0" skip="0" id="s1" name="Global login">Global login</stat>
</suite>
</statistics>
<errors>
</errors>
</robot>
